<?xml version="1.0" encoding="UTF-8"?>
<testng-results skipped="0" failed="0" ignored="0" total="1" passed="1">
  <reporter-output>
  </reporter-output>
  <suite name="Command line suite" duration-ms="67248" started-at="2019-09-06T08:27:26Z" finished-at="2019-09-06T08:28:34Z">
    <groups>
    </groups>
    <test name="Command line test" duration-ms="67248" started-at="2019-09-06T08:27:26Z" finished-at="2019-09-06T08:28:34Z">
      <class name="com.DriverScript.AppTest">
        <test-method status="PASS" signature="startTest1()[pri:0, instance:com.DriverScript.AppTest@17550481]" name="startTest1" duration-ms="67131" started-at="2019-09-06T08:27:26Z" finished-at="2019-09-06T08:28:34Z">
          <reporter-output>
          </reporter-output>
        </test-method> <!-- startTest1 -->
      </class> <!-- com.DriverScript.AppTest -->
    </test> <!-- Command line test -->
  </suite> <!-- Command line suite -->
</testng-results>
