<?xml version="1.0" encoding="UTF-8"?>
<testng-results skipped="0" failed="0" ignored="0" total="1" passed="1">
  <reporter-output>
  </reporter-output>
  <suite name="Default suite" duration-ms="94463" started-at="2019-08-31T08:58:30Z" finished-at="2019-08-31T09:00:05Z">
    <groups>
    </groups>
    <test name="Default test" duration-ms="94463" started-at="2019-08-31T08:58:30Z" finished-at="2019-08-31T09:00:05Z">
      <class name="com.DriverScript.AppTest">
        <test-method status="PASS" signature="startTest1()[pri:0, instance:com.DriverScript.AppTest@3e57cd70]" name="startTest1" duration-ms="94350" started-at="2019-08-31T08:58:30Z" finished-at="2019-08-31T09:00:05Z">
          <reporter-output>
          </reporter-output>
        </test-method> <!-- startTest1 -->
      </class> <!-- com.DriverScript.AppTest -->
    </test> <!-- Default test -->
  </suite> <!-- Default suite -->
</testng-results>
